2024-03-14T15:35:43.132+0700 [INFO]  Terraform version: 1.6.6
2024-03-14T15:35:43.132+0700 [DEBUG] using github.com/hashicorp/go-tfe v1.36.0
2024-03-14T15:35:43.132+0700 [DEBUG] using github.com/hashicorp/hcl/v2 v2.19.1
2024-03-14T15:35:43.132+0700 [DEBUG] using github.com/hashicorp/terraform-svchost v0.1.1
2024-03-14T15:35:43.132+0700 [DEBUG] using github.com/zclconf/go-cty v1.14.1
2024-03-14T15:35:43.132+0700 [INFO]  Go runtime version: go1.21.5
2024-03-14T15:35:43.132+0700 [INFO]  CLI args: []string{"terraform", "fmt"}
2024-03-14T15:35:43.132+0700 [TRACE] Stdout is a terminal of width 129
2024-03-14T15:35:43.132+0700 [TRACE] Stderr is a terminal of width 129
2024-03-14T15:35:43.132+0700 [TRACE] Stdin is a terminal
2024-03-14T15:35:43.132+0700 [DEBUG] Attempting to open CLI config file: /home/thinh97/.terraformrc
2024-03-14T15:35:43.133+0700 [DEBUG] File doesn't exist, but doesn't need to. Ignoring.
2024-03-14T15:35:43.133+0700 [DEBUG] ignoring non-existing provider search directory terraform.d/plugins
2024-03-14T15:35:43.133+0700 [DEBUG] ignoring non-existing provider search directory /home/thinh97/.terraform.d/plugins
2024-03-14T15:35:43.133+0700 [DEBUG] ignoring non-existing provider search directory /home/thinh97/.local/share/terraform/plugins
2024-03-14T15:35:43.133+0700 [DEBUG] ignoring non-existing provider search directory /usr/local/share/terraform/plugins
2024-03-14T15:35:43.133+0700 [DEBUG] ignoring non-existing provider search directory /usr/share/terraform/plugins
2024-03-14T15:35:43.133+0700 [DEBUG] ignoring non-existing provider search directory /var/lib/snapd/desktop/terraform/plugins
2024-03-14T15:35:43.133+0700 [INFO]  CLI command args: []string{"fmt"}
2024-03-14T15:35:43.133+0700 [TRACE] terraform fmt: looking for files in .
2024-03-14T15:35:43.133+0700 [TRACE] terraform fmt: Formatting test-fmt.tf
